Sling With Ads/Sling/Library/Bee/Android/Prj/Mono2x/Gradle/launcher/build/intermediates/manifest_merge_blame_file/release/manifest-merger-blame-release-report.txt
1<?xml version="1.0" encoding="utf-8"?>
2<manifest xmlns:android="http://schemas.android.com/apk/res/android"
3    package="com.PlayResume.Sling"
4    android:installLocation="preferExternal"
5    android:versionCode="5"
6    android:versionName="0.5" >
7
8    <uses-sdk
9        android:minSdkVersion="22"
9-->src\main\AndroidManifest.xml
10        android:targetSdkVersion="32" />
10-->src\main\AndroidManifest.xml
11
12    <supports-screens
12-->src\main\AndroidManifest.xml:3:3-163
13        android:anyDensity="true"
13-->src\main\AndroidManifest.xml:3:135-160
14        android:largeScreens="true"
14-->src\main\AndroidManifest.xml:3:78-105
15        android:normalScreens="true"
15-->src\main\AndroidManifest.xml:3:49-77
16        android:smallScreens="true"
16-->src\main\AndroidManifest.xml:3:21-48
17        android:xlargeScreens="true" />
17-->src\main\AndroidManifest.xml:3:106-134
18
19    <uses-feature android:glEsVersion="0x00030000" />
19-->[:unityLibrary] AndroidManifest.xml:12:5-54
19-->[:unityLibrary] AndroidManifest.xml:12:19-51
20    <uses-feature
20-->[:unityLibrary] AndroidManifest.xml:13:5-15:36
21        android:name="android.hardware.vulkan.version"
21-->[:unityLibrary] AndroidManifest.xml:14:9-55
22        android:required="false" />
22-->[:unityLibrary] AndroidManifest.xml:15:9-33
23
24    <uses-permission android:name="android.permission.INTERNET" />
24-->[:unityLibrary] AndroidManifest.xml:17:5-67
24-->[:unityLibrary] AndroidManifest.xml:17:22-64
25    <uses-permission android:name="android.permission.ACCESS_NETWORK_STATE" />
25-->[:unityLibrary] AndroidManifest.xml:18:5-79
25-->[:unityLibrary] AndroidManifest.xml:18:22-76
26
27    <uses-feature
27-->[:unityLibrary] AndroidManifest.xml:20:5-22:36
28        android:name="android.hardware.touchscreen"
28-->[:unityLibrary] AndroidManifest.xml:21:9-52
29        android:required="false" />
29-->[:unityLibrary] AndroidManifest.xml:22:9-33
30    <uses-feature
30-->[:unityLibrary] AndroidManifest.xml:23:5-25:36
31        android:name="android.hardware.touchscreen.multitouch"
31-->[:unityLibrary] AndroidManifest.xml:24:9-63
32        android:required="false" />
32-->[:unityLibrary] AndroidManifest.xml:25:9-33
33    <uses-feature
33-->[:unityLibrary] AndroidManifest.xml:26:5-28:36
34        android:name="android.hardware.touchscreen.multitouch.distinct"
34-->[:unityLibrary] AndroidManifest.xml:27:9-72
35        android:required="false" />
35-->[:unityLibrary] AndroidManifest.xml:28:9-33
36
37    <uses-permission android:name="com.google.android.gms.permission.AD_ID" /> <!-- Android package visibility setting -->
37-->[:com.google.android.gms.play-services-ads-lite-20.6.0:] AndroidManifest.xml:22:3-77
37-->[:com.google.android.gms.play-services-ads-lite-20.6.0:] AndroidManifest.xml:22:20-74
38    <queries>
38-->[:com.google.android.gms.play-services-ads-lite-20.6.0:] AndroidManifest.xml:24:3-37:13
39
40        <!-- For browser content -->
41        <intent>
41-->[:com.google.android.gms.play-services-ads-lite-20.6.0:] AndroidManifest.xml:26:5-30:14
42            <action android:name="android.intent.action.VIEW" />
42-->[:com.google.android.gms.play-services-ads-lite-20.6.0:] AndroidManifest.xml:27:7-59
42-->[:com.google.android.gms.play-services-ads-lite-20.6.0:] AndroidManifest.xml:27:15-56
43
44            <category android:name="android.intent.category.BROWSABLE" />
44-->[:com.google.android.gms.play-services-ads-lite-20.6.0:] AndroidManifest.xml:28:7-68
44-->[:com.google.android.gms.play-services-ads-lite-20.6.0:] AndroidManifest.xml:28:17-65
45
46            <data android:scheme="https" />
46-->[:com.google.android.gms.play-services-ads-lite-20.6.0:] AndroidManifest.xml:29:7-38
46-->[:com.google.android.gms.play-services-ads-lite-20.6.0:] AndroidManifest.xml:29:13-35
47        </intent>
48        <!-- End of browser content -->
49        <!-- For CustomTabsService -->
50        <intent>
50-->[:com.google.android.gms.play-services-ads-lite-20.6.0:] AndroidManifest.xml:26:5-30:14
51            <action android:name="android.support.customtabs.action.CustomTabsService" />
52        </intent>
53        <!-- End of CustomTabsService -->
54        <package android:name="com.android.vending" />
54-->[:com.adcolony.sdk-4.7.1:] AndroidManifest.xml:16:9-55
54-->[:com.adcolony.sdk-4.7.1:] AndroidManifest.xml:16:18-52
55        <package android:name="com.amazon.venezia" />
55-->[:com.adcolony.sdk-4.7.1:] AndroidManifest.xml:17:9-54
55-->[:com.adcolony.sdk-4.7.1:] AndroidManifest.xml:17:18-51
56        <package android:name="com.sec.android.app.samsungapps" />
56-->[:com.adcolony.sdk-4.7.1:] AndroidManifest.xml:18:9-67
56-->[:com.adcolony.sdk-4.7.1:] AndroidManifest.xml:18:18-64
57        <package android:name="com.huawei.appmarket" />
57-->[:com.adcolony.sdk-4.7.1:] AndroidManifest.xml:19:9-56
57-->[:com.adcolony.sdk-4.7.1:] AndroidManifest.xml:19:18-53
58
59        <intent>
59-->[:com.google.android.gms.play-services-ads-lite-20.6.0:] AndroidManifest.xml:26:5-30:14
60            <action android:name="android.media.browse.MediaBrowserService" />
61        </intent>
62
63        <package android:name="com.facebook.katana" />
63-->[:com.facebook.android.audience-network-sdk-6.11.0:] AndroidManifest.xml:5:5-51
63-->[:com.facebook.android.audience-network-sdk-6.11.0:] AndroidManifest.xml:5:14-48
64    </queries>
65
66    <uses-permission android:name="android.permission.WAKE_LOCK" />
66-->[:com.google.android.gms.play-services-measurement-sdk-api-21.0.0:] AndroidManifest.xml:25:5-68
66-->[:com.google.android.gms.play-services-measurement-sdk-api-21.0.0:] AndroidManifest.xml:25:22-65
67    <uses-permission android:name="android.permission.RECEIVE_BOOT_COMPLETED" />
67-->[:androidx.work.work-runtime-2.7.0:] AndroidManifest.xml:21:3-79
67-->[:androidx.work.work-runtime-2.7.0:] AndroidManifest.xml:21:20-76
68    <uses-permission android:name="android.permission.FOREGROUND_SERVICE" />
68-->[:androidx.work.work-runtime-2.7.0:] AndroidManifest.xml:22:3-75
68-->[:androidx.work.work-runtime-2.7.0:] AndroidManifest.xml:22:20-72
69    <uses-permission android:name="com.android.vending.BILLING" />
69-->[:billing-3.0.3:] AndroidManifest.xml:10:5-67
69-->[:billing-3.0.3:] AndroidManifest.xml:10:22-64
70    <uses-permission android:name="com.google.android.c2dm.permission.RECEIVE" />
70-->[:com.google.firebase.firebase-messaging-unity-8.10.1:] AndroidManifest.xml:5:3-80
70-->[:com.google.firebase.firebase-messaging-unity-8.10.1:] AndroidManifest.xml:5:20-77
71
72    <permission
72-->[:com.google.firebase.firebase-messaging-unity-8.10.1:] AndroidManifest.xml:6:3-112
73        android:name="com.PlayResume.Sling.permission.C2D_MESSAGE"
73-->[:com.google.firebase.firebase-messaging-unity-8.10.1:] AndroidManifest.xml:6:15-73
74        android:protectionLevel="signature" />
74-->[:com.google.firebase.firebase-messaging-unity-8.10.1:] AndroidManifest.xml:6:74-109
75
76    <uses-permission android:name="com.PlayResume.Sling.permission.C2D_MESSAGE" />
76-->[:com.google.firebase.firebase-messaging-unity-8.10.1:] AndroidManifest.xml:7:3-81
76-->[:com.google.firebase.firebase-messaging-unity-8.10.1:] AndroidManifest.xml:7:20-78
77    <uses-permission android:name="com.google.android.finsky.permission.BIND_GET_INSTALL_REFERRER_SERVICE" /> <!-- Permissions required by Open Measurement SDK -->
77-->[:com.google.android.gms.play-services-measurement-impl-21.0.0:] AndroidManifest.xml:26:5-110
77-->[:com.google.android.gms.play-services-measurement-impl-21.0.0:] AndroidManifest.xml:26:22-107
78    <uses-permission android:name="android.permission.ACCESS_WIFI_STATE" />
78-->[:com.applovin.applovin-sdk-11.4.2:] AndroidManifest.xml:7:3-74
78-->[:com.applovin.applovin-sdk-11.4.2:] AndroidManifest.xml:7:20-71
79
80    <application
80-->src\main\AndroidManifest.xml:4:3-83
81        android:appComponentFactory="androidx.core.app.CoreComponentFactory"
81-->[:androidx.core.core-1.6.0:] AndroidManifest.xml:24:18-86
82        android:extractNativeLibs="true"
82-->[:unityLibrary] AndroidManifest.xml:31:9-41
83        android:icon="@mipmap/app_icon"
83-->src\main\AndroidManifest.xml:4:49-80
84        android:label="@string/app_name" >
84-->src\main\AndroidManifest.xml:4:16-48
85        <!--
86         The MessagingUnityPlayerActivity is a class that extends
87         UnityPlayerActivity to work around a known issue when receiving
88         notification data payloads in the background.
89        -->
90        <activity
90-->[:unityLibrary] AndroidManifest.xml:40:9-60:20
91            android:name="com.google.firebase.MessagingUnityPlayerActivity"
91-->[:unityLibrary] AndroidManifest.xml:41:13-76
92            android:configChanges="mcc|mnc|locale|touchscreen|keyboard|keyboardHidden|navigation|orientation|screenLayout|uiMode|screenSize|smallestScreenSize|fontScale|layoutDirection|density"
92-->[:unityLibrary] AndroidManifest.xml:42:13-194
93            android:exported="true"
93-->[:unityLibrary] AndroidManifest.xml:43:13-36
94            android:hardwareAccelerated="false"
94-->[:unityLibrary] AndroidManifest.xml:44:13-48
95            android:launchMode="singleTask"
95-->[:unityLibrary] AndroidManifest.xml:45:13-44
96            android:resizeableActivity="false"
96-->[:unityLibrary] AndroidManifest.xml:46:13-47
97            android:screenOrientation="portrait" >
97-->[:unityLibrary] AndroidManifest.xml:47:13-49
98            <intent-filter>
98-->[:unityLibrary] AndroidManifest.xml:48:13-52:29
99                <action android:name="android.intent.action.MAIN" />
99-->[:unityLibrary] AndroidManifest.xml:49:17-69
99-->[:unityLibrary] AndroidManifest.xml:49:25-66
100
101                <category android:name="android.intent.category.LAUNCHER" />
101-->[:unityLibrary] AndroidManifest.xml:51:17-77
101-->[:unityLibrary] AndroidManifest.xml:51:27-74
102            </intent-filter>
103
104            <meta-data
104-->[:unityLibrary] AndroidManifest.xml:54:13-56:40
105                android:name="unityplayer.UnityActivity"
105-->[:unityLibrary] AndroidManifest.xml:55:17-57
106                android:value="true" />
106-->[:unityLibrary] AndroidManifest.xml:56:17-37
107            <meta-data
107-->[:unityLibrary] AndroidManifest.xml:57:13-59:40
108                android:name="android.notch_support"
108-->[:unityLibrary] AndroidManifest.xml:58:17-53
109                android:value="true" />
109-->[:unityLibrary] AndroidManifest.xml:59:17-37
110        </activity>
111
112        <service
112-->[:unityLibrary] AndroidManifest.xml:62:9-65:72
113            android:name="com.google.firebase.messaging.MessageForwardingService"
113-->[:unityLibrary] AndroidManifest.xml:63:13-82
114            android:exported="false"
114-->[:unityLibrary] AndroidManifest.xml:64:13-37
115            android:permission="android.permission.BIND_JOB_SERVICE" />
115-->[:unityLibrary] AndroidManifest.xml:65:13-69
116
117        <meta-data
117-->[:unityLibrary] AndroidManifest.xml:67:9-69:33
118            android:name="unity.splash-mode"
118-->[:unityLibrary] AndroidManifest.xml:68:13-45
119            android:value="0" />
119-->[:unityLibrary] AndroidManifest.xml:69:13-30
120        <meta-data
120-->[:unityLibrary] AndroidManifest.xml:70:9-72:36
121            android:name="unity.splash-enable"
121-->[:unityLibrary] AndroidManifest.xml:71:13-47
122            android:value="True" />
122-->[:unityLibrary] AndroidManifest.xml:72:13-33
123        <meta-data
123-->[:unityLibrary] AndroidManifest.xml:73:9-75:36
124            android:name="unity.launch-fullscreen"
124-->[:unityLibrary] AndroidManifest.xml:74:13-51
125            android:value="True" />
125-->[:unityLibrary] AndroidManifest.xml:75:13-33
126        <meta-data
126-->[:unityLibrary] AndroidManifest.xml:76:9-78:37
127            android:name="unity.allow-resizable-window"
127-->[:unityLibrary] AndroidManifest.xml:77:13-56
128            android:value="False" />
128-->[:unityLibrary] AndroidManifest.xml:78:13-34
129        <meta-data
129-->[:unityLibrary] AndroidManifest.xml:79:9-81:50
130            android:name="notch.config"
130-->[:unityLibrary] AndroidManifest.xml:80:13-40
131            android:value="portrait|landscape" />
131-->[:unityLibrary] AndroidManifest.xml:81:13-47
132
133        <activity
133-->[:com.google.games.gpgs-plugin-support-0.10.14:] AndroidManifest.xml:10:9-18:20
134            android:name="com.google.games.bridge.GenericResolutionActivity"
134-->[:com.google.games.gpgs-plugin-support-0.10.14:] AndroidManifest.xml:11:13-77
135            android:exported="false"
135-->[:com.google.games.gpgs-plugin-support-0.10.14:] AndroidManifest.xml:12:13-37
136            android:label="GenericResolutionActivity"
136-->[:com.google.games.gpgs-plugin-support-0.10.14:] AndroidManifest.xml:13:13-54
137            android:theme="@android:style/Theme.Translucent.NoTitleBar.Fullscreen" >
137-->[:com.google.games.gpgs-plugin-support-0.10.14:] AndroidManifest.xml:14:13-83
138            <meta-data
138-->[:com.google.games.gpgs-plugin-support-0.10.14:] AndroidManifest.xml:15:13-17:40
139                android:name="instantapps.clients.allowed"
139-->[:com.google.games.gpgs-plugin-support-0.10.14:] AndroidManifest.xml:16:17-59
140                android:value="true" />
140-->[:com.google.games.gpgs-plugin-support-0.10.14:] AndroidManifest.xml:17:17-37
141        </activity> <!-- Include the AdActivity and InAppPurchaseActivity configChanges and themes. -->
142        <activity
142-->[:com.google.android.gms.play-services-ads-lite-20.6.0:] AndroidManifest.xml:40:5-254
143            android:name="com.google.android.gms.ads.AdActivity"
143-->[:com.google.android.gms.play-services-ads-lite-20.6.0:] AndroidManifest.xml:40:15-67
144            android:configChanges="keyboard|keyboardHidden|orientation|screenLayout|uiMode|screenSize|smallestScreenSize"
144-->[:com.google.android.gms.play-services-ads-lite-20.6.0:] AndroidManifest.xml:40:68-177
145            android:exported="false"
145-->[:com.google.android.gms.play-services-ads-lite-20.6.0:] AndroidManifest.xml:40:178-202
146            android:theme="@android:style/Theme.Translucent" />
146-->[:com.google.android.gms.play-services-ads-lite-20.6.0:] AndroidManifest.xml:40:203-251
147
148        <provider
148-->[:com.google.android.gms.play-services-ads-lite-20.6.0:] AndroidManifest.xml:41:5-195
149            android:name="com.google.android.gms.ads.MobileAdsInitProvider"
149-->[:com.google.android.gms.play-services-ads-lite-20.6.0:] AndroidManifest.xml:41:15-78
150            android:authorities="com.PlayResume.Sling.mobileadsinitprovider"
150-->[:com.google.android.gms.play-services-ads-lite-20.6.0:] AndroidManifest.xml:41:79-143
151            android:exported="false"
151-->[:com.google.android.gms.play-services-ads-lite-20.6.0:] AndroidManifest.xml:41:144-168
152            android:initOrder="100" />
152-->[:com.google.android.gms.play-services-ads-lite-20.6.0:] AndroidManifest.xml:41:169-192
153
154        <service
154-->[:com.google.android.gms.play-services-ads-lite-20.6.0:] AndroidManifest.xml:42:5-116
155            android:name="com.google.android.gms.ads.AdService"
155-->[:com.google.android.gms.play-services-ads-lite-20.6.0:] AndroidManifest.xml:42:14-65
156            android:enabled="true"
156-->[:com.google.android.gms.play-services-ads-lite-20.6.0:] AndroidManifest.xml:42:66-88
157            android:exported="false" />
157-->[:com.google.android.gms.play-services-ads-lite-20.6.0:] AndroidManifest.xml:42:89-113
158
159        <activity
159-->[:com.applovin.mediation.adcolony-adapter-4.7.1.1:] AndroidManifest.xml:12:9-15:50
160            android:name="com.adcolony.sdk.AdColonyInterstitialActivity"
160-->[:com.applovin.mediation.adcolony-adapter-4.7.1.1:] AndroidManifest.xml:13:13-73
161            android:configChanges="keyboardHidden|orientation|screenSize"
161-->[:com.applovin.mediation.adcolony-adapter-4.7.1.1:] AndroidManifest.xml:14:13-74
162            android:hardwareAccelerated="true" />
162-->[:com.applovin.mediation.adcolony-adapter-4.7.1.1:] AndroidManifest.xml:15:13-47
163
164        <service
164-->[:androidx.room.room-runtime-2.2.5:] AndroidManifest.xml:25:9-28:40
165            android:name="androidx.room.MultiInstanceInvalidationService"
165-->[:androidx.room.room-runtime-2.2.5:] AndroidManifest.xml:26:13-74
166            android:directBootAware="true"
166-->[:androidx.room.room-runtime-2.2.5:] AndroidManifest.xml:27:13-43
167            android:exported="false" />
167-->[:androidx.room.room-runtime-2.2.5:] AndroidManifest.xml:28:13-37
168
169        <provider
169-->[:androidx.work.work-runtime-2.7.0:] AndroidManifest.xml:24:5-26:16
170            android:name="androidx.startup.InitializationProvider"
170-->[:androidx.work.work-runtime-2.7.0:] AndroidManifest.xml:24:15-69
171            android:authorities="com.PlayResume.Sling.androidx-startup"
171-->[:androidx.work.work-runtime-2.7.0:] AndroidManifest.xml:24:70-129
172            android:exported="false" >
172-->[:androidx.work.work-runtime-2.7.0:] AndroidManifest.xml:24:130-154
173            <meta-data
173-->[:androidx.work.work-runtime-2.7.0:] AndroidManifest.xml:25:7-105
174                android:name="androidx.work.WorkManagerInitializer"
174-->[:androidx.work.work-runtime-2.7.0:] AndroidManifest.xml:25:18-69
175                android:value="androidx.startup" />
175-->[:androidx.work.work-runtime-2.7.0:] AndroidManifest.xml:25:70-102
176        </provider>
177
178        <service
178-->[:androidx.work.work-runtime-2.7.0:] AndroidManifest.xml:27:5-229
179            android:name="androidx.work.impl.background.systemalarm.SystemAlarmService"
179-->[:androidx.work.work-runtime-2.7.0:] AndroidManifest.xml:27:14-89
180            android:directBootAware="false"
180-->[:androidx.work.work-runtime-2.7.0:] AndroidManifest.xml:27:90-121
181            android:enabled="@bool/enable_system_alarm_service_default"
181-->[:androidx.work.work-runtime-2.7.0:] AndroidManifest.xml:27:122-181
182            android:exported="false" />
182-->[:androidx.work.work-runtime-2.7.0:] AndroidManifest.xml:27:182-206
183        <service
183-->[:androidx.work.work-runtime-2.7.0:] AndroidManifest.xml:28:5-279
184            android:name="androidx.work.impl.background.systemjob.SystemJobService"
184-->[:androidx.work.work-runtime-2.7.0:] AndroidManifest.xml:28:14-85
185            android:directBootAware="false"
185-->[:androidx.work.work-runtime-2.7.0:] AndroidManifest.xml:28:86-117
186            android:enabled="@bool/enable_system_job_service_default"
186-->[:androidx.work.work-runtime-2.7.0:] AndroidManifest.xml:28:118-175
187            android:exported="true"
187-->[:androidx.work.work-runtime-2.7.0:] AndroidManifest.xml:28:176-199
188            android:permission="android.permission.BIND_JOB_SERVICE" />
188-->[:androidx.work.work-runtime-2.7.0:] AndroidManifest.xml:28:200-256
189        <service
189-->[:androidx.work.work-runtime-2.7.0:] AndroidManifest.xml:29:5-227
190            android:name="androidx.work.impl.foreground.SystemForegroundService"
190-->[:androidx.work.work-runtime-2.7.0:] AndroidManifest.xml:29:14-82
191            android:directBootAware="false"
191-->[:androidx.work.work-runtime-2.7.0:] AndroidManifest.xml:29:83-114
192            android:enabled="@bool/enable_system_foreground_service_default"
192-->[:androidx.work.work-runtime-2.7.0:] AndroidManifest.xml:29:115-179
193            android:exported="false" />
193-->[:androidx.work.work-runtime-2.7.0:] AndroidManifest.xml:29:180-204
194
195        <receiver
195-->[:androidx.work.work-runtime-2.7.0:] AndroidManifest.xml:30:5-193
196            android:name="androidx.work.impl.utils.ForceStopRunnable$BroadcastReceiver"
196-->[:androidx.work.work-runtime-2.7.0:] AndroidManifest.xml:30:15-90
197            android:directBootAware="false"
197-->[:androidx.work.work-runtime-2.7.0:] AndroidManifest.xml:30:91-122
198            android:enabled="true"
198-->[:androidx.work.work-runtime-2.7.0:] AndroidManifest.xml:30:123-145
199            android:exported="false" />
199-->[:androidx.work.work-runtime-2.7.0:] AndroidManifest.xml:30:146-170
200        <receiver
200-->[:androidx.work.work-runtime-2.7.0:] AndroidManifest.xml:31:5-36:16
201            android:name="androidx.work.impl.background.systemalarm.ConstraintProxy$BatteryChargingProxy"
201-->[:androidx.work.work-runtime-2.7.0:] AndroidManifest.xml:31:15-108
202            android:directBootAware="false"
202-->[:androidx.work.work-runtime-2.7.0:] AndroidManifest.xml:31:109-140
203            android:enabled="false"
203-->[:androidx.work.work-runtime-2.7.0:] AndroidManifest.xml:31:141-164
204            android:exported="false" >
204-->[:androidx.work.work-runtime-2.7.0:] AndroidManifest.xml:31:165-189
205            <intent-filter>
205-->[:androidx.work.work-runtime-2.7.0:] AndroidManifest.xml:32:7-35:23
206                <action android:name="android.intent.action.ACTION_POWER_CONNECTED" />
206-->[:androidx.work.work-runtime-2.7.0:] AndroidManifest.xml:33:9-79
206-->[:androidx.work.work-runtime-2.7.0:] AndroidManifest.xml:33:17-76
207                <action android:name="android.intent.action.ACTION_POWER_DISCONNECTED" />
207-->[:androidx.work.work-runtime-2.7.0:] AndroidManifest.xml:34:9-82
207-->[:androidx.work.work-runtime-2.7.0:] AndroidManifest.xml:34:17-79
208            </intent-filter>
209        </receiver>
210        <receiver
210-->[:androidx.work.work-runtime-2.7.0:] AndroidManifest.xml:37:5-42:16
211            android:name="androidx.work.impl.background.systemalarm.ConstraintProxy$BatteryNotLowProxy"
211-->[:androidx.work.work-runtime-2.7.0:] AndroidManifest.xml:37:15-106
212            android:directBootAware="false"
212-->[:androidx.work.work-runtime-2.7.0:] AndroidManifest.xml:37:107-138
213            android:enabled="false"
213-->[:androidx.work.work-runtime-2.7.0:] AndroidManifest.xml:37:139-162
214            android:exported="false" >
214-->[:androidx.work.work-runtime-2.7.0:] AndroidManifest.xml:37:163-187
215            <intent-filter>
215-->[:androidx.work.work-runtime-2.7.0:] AndroidManifest.xml:38:7-41:23
216                <action android:name="android.intent.action.BATTERY_OKAY" />
216-->[:androidx.work.work-runtime-2.7.0:] AndroidManifest.xml:39:9-69
216-->[:androidx.work.work-runtime-2.7.0:] AndroidManifest.xml:39:17-66
217                <action android:name="android.intent.action.BATTERY_LOW" />
217-->[:androidx.work.work-runtime-2.7.0:] AndroidManifest.xml:40:9-68
217-->[:androidx.work.work-runtime-2.7.0:] AndroidManifest.xml:40:17-65
218            </intent-filter>
219        </receiver>
220        <receiver
220-->[:androidx.work.work-runtime-2.7.0:] AndroidManifest.xml:43:5-48:16
221            android:name="androidx.work.impl.background.systemalarm.ConstraintProxy$StorageNotLowProxy"
221-->[:androidx.work.work-runtime-2.7.0:] AndroidManifest.xml:43:15-106
222            android:directBootAware="false"
222-->[:androidx.work.work-runtime-2.7.0:] AndroidManifest.xml:43:107-138
223            android:enabled="false"
223-->[:androidx.work.work-runtime-2.7.0:] AndroidManifest.xml:43:139-162
224            android:exported="false" >
224-->[:androidx.work.work-runtime-2.7.0:] AndroidManifest.xml:43:163-187
225            <intent-filter>
225-->[:androidx.work.work-runtime-2.7.0:] AndroidManifest.xml:44:7-47:23
226                <action android:name="android.intent.action.DEVICE_STORAGE_LOW" />
226-->[:androidx.work.work-runtime-2.7.0:] AndroidManifest.xml:45:9-75
226-->[:androidx.work.work-runtime-2.7.0:] AndroidManifest.xml:45:17-72
227                <action android:name="android.intent.action.DEVICE_STORAGE_OK" />
227-->[:androidx.work.work-runtime-2.7.0:] AndroidManifest.xml:46:9-74
227-->[:androidx.work.work-runtime-2.7.0:] AndroidManifest.xml:46:17-71
228            </intent-filter>
229        </receiver>
230        <receiver
230-->[:androidx.work.work-runtime-2.7.0:] AndroidManifest.xml:49:5-53:16
231            android:name="androidx.work.impl.background.systemalarm.ConstraintProxy$NetworkStateProxy"
231-->[:androidx.work.work-runtime-2.7.0:] AndroidManifest.xml:49:15-105
232            android:directBootAware="false"
232-->[:androidx.work.work-runtime-2.7.0:] AndroidManifest.xml:49:106-137
233            android:enabled="false"
233-->[:androidx.work.work-runtime-2.7.0:] AndroidManifest.xml:49:138-161
234            android:exported="false" >
234-->[:androidx.work.work-runtime-2.7.0:] AndroidManifest.xml:49:162-186
235            <intent-filter>
235-->[:androidx.work.work-runtime-2.7.0:] AndroidManifest.xml:50:7-52:23
236                <action android:name="android.net.conn.CONNECTIVITY_CHANGE" />
236-->[:androidx.work.work-runtime-2.7.0:] AndroidManifest.xml:51:9-71
236-->[:androidx.work.work-runtime-2.7.0:] AndroidManifest.xml:51:17-68
237            </intent-filter>
238        </receiver>
239        <receiver
239-->[:androidx.work.work-runtime-2.7.0:] AndroidManifest.xml:54:5-60:16
240            android:name="androidx.work.impl.background.systemalarm.RescheduleReceiver"
240-->[:androidx.work.work-runtime-2.7.0:] AndroidManifest.xml:54:15-90
241            android:directBootAware="false"
241-->[:androidx.work.work-runtime-2.7.0:] AndroidManifest.xml:54:91-122
242            android:enabled="false"
242-->[:androidx.work.work-runtime-2.7.0:] AndroidManifest.xml:54:123-146
243            android:exported="false" >
243-->[:androidx.work.work-runtime-2.7.0:] AndroidManifest.xml:54:147-171
244            <intent-filter>
244-->[:androidx.work.work-runtime-2.7.0:] AndroidManifest.xml:55:7-59:23
245                <action android:name="android.intent.action.BOOT_COMPLETED" />
245-->[:androidx.work.work-runtime-2.7.0:] AndroidManifest.xml:56:9-71
245-->[:androidx.work.work-runtime-2.7.0:] AndroidManifest.xml:56:17-68
246                <action android:name="android.intent.action.TIME_SET" />
246-->[:androidx.work.work-runtime-2.7.0:] AndroidManifest.xml:57:9-65
246-->[:androidx.work.work-runtime-2.7.0:] AndroidManifest.xml:57:17-62
247                <action android:name="android.intent.action.TIMEZONE_CHANGED" />
247-->[:androidx.work.work-runtime-2.7.0:] AndroidManifest.xml:58:9-73
247-->[:androidx.work.work-runtime-2.7.0:] AndroidManifest.xml:58:17-70
248            </intent-filter>
249        </receiver>
250        <receiver
250-->[:androidx.work.work-runtime-2.7.0:] AndroidManifest.xml:61:5-65:16
251            android:name="androidx.work.impl.background.systemalarm.ConstraintProxyUpdateReceiver"
251-->[:androidx.work.work-runtime-2.7.0:] AndroidManifest.xml:61:15-101
252            android:directBootAware="false"
252-->[:androidx.work.work-runtime-2.7.0:] AndroidManifest.xml:61:102-133
253            android:enabled="@bool/enable_system_alarm_service_default"
253-->[:androidx.work.work-runtime-2.7.0:] AndroidManifest.xml:61:134-193
254            android:exported="false" >
254-->[:androidx.work.work-runtime-2.7.0:] AndroidManifest.xml:61:194-218
255            <intent-filter>
255-->[:androidx.work.work-runtime-2.7.0:] AndroidManifest.xml:62:7-64:23
256                <action android:name="androidx.work.impl.background.systemalarm.UpdateProxies" />
256-->[:androidx.work.work-runtime-2.7.0:] AndroidManifest.xml:63:9-90
256-->[:androidx.work.work-runtime-2.7.0:] AndroidManifest.xml:63:17-87
257            </intent-filter>
258        </receiver>
259        <receiver
259-->[:androidx.work.work-runtime-2.7.0:] AndroidManifest.xml:66:5-70:16
260            android:name="androidx.work.impl.diagnostics.DiagnosticsReceiver"
260-->[:androidx.work.work-runtime-2.7.0:] AndroidManifest.xml:66:15-80
261            android:directBootAware="false"
261-->[:androidx.work.work-runtime-2.7.0:] AndroidManifest.xml:66:81-112
262            android:enabled="true"
262-->[:androidx.work.work-runtime-2.7.0:] AndroidManifest.xml:66:113-135
263            android:exported="true"
263-->[:androidx.work.work-runtime-2.7.0:] AndroidManifest.xml:66:136-159
264            android:permission="android.permission.DUMP" >
264-->[:androidx.work.work-runtime-2.7.0:] AndroidManifest.xml:66:160-204
265            <intent-filter>
265-->[:androidx.work.work-runtime-2.7.0:] AndroidManifest.xml:67:7-69:23
266                <action android:name="androidx.work.diagnostics.REQUEST_DIAGNOSTICS" />
266-->[:androidx.work.work-runtime-2.7.0:] AndroidManifest.xml:68:9-80
266-->[:androidx.work.work-runtime-2.7.0:] AndroidManifest.xml:68:17-77
267            </intent-filter>
268        </receiver>
269
270        <activity
270-->[:com.applovin.mediation.ironsource-adapter-7.2.1.1.1:] AndroidManifest.xml:12:9-15:50
271            android:name="com.ironsource.sdk.controller.ControllerActivity"
271-->[:com.applovin.mediation.ironsource-adapter-7.2.1.1.1:] AndroidManifest.xml:13:13-76
272            android:configChanges="orientation|screenSize"
272-->[:com.applovin.mediation.ironsource-adapter-7.2.1.1.1:] AndroidManifest.xml:14:13-59
273            android:hardwareAccelerated="true" />
273-->[:com.applovin.mediation.ironsource-adapter-7.2.1.1.1:] AndroidManifest.xml:15:13-47
274        <activity
274-->[:com.applovin.mediation.ironsource-adapter-7.2.1.1.1:] AndroidManifest.xml:16:9-20:64
275            android:name="com.ironsource.sdk.controller.InterstitialActivity"
275-->[:com.applovin.mediation.ironsource-adapter-7.2.1.1.1:] AndroidManifest.xml:17:13-78
276            android:configChanges="orientation|screenSize"
276-->[:com.applovin.mediation.ironsource-adapter-7.2.1.1.1:] AndroidManifest.xml:18:13-59
277            android:hardwareAccelerated="true"
277-->[:com.applovin.mediation.ironsource-adapter-7.2.1.1.1:] AndroidManifest.xml:19:13-47
278            android:theme="@android:style/Theme.Translucent" />
278-->[:com.applovin.mediation.ironsource-adapter-7.2.1.1.1:] AndroidManifest.xml:20:13-61
279        <activity
279-->[:com.applovin.mediation.ironsource-adapter-7.2.1.1.1:] AndroidManifest.xml:21:9-25:64